# JRE version: Java(TM) SE Runtime Environment (8.0_65-b17) (build 1.8.0_65-b17)
# Java VM: Java HotSpot(TM) 64-Bit Server VM (25.65-b01 mixed mode windows-amd64 compressed oops)
Heap:
 PSYoungGen      total 168448K, used 114846K [0x00000000eab00000, 0x00000000f6500000, 0x0000000100000000)
  eden space 148480K, 77% used [0x00000000eab00000,0x00000000f1b27a38,0x00000000f3c00000)
  from space 19968K, 0% used [0x00000000f5180000,0x00000000f5180000,0x00000000f6500000)
  to   space 20992K, 0% used [0x00000000f3c00000,0x00000000f3c00000,0x00000000f5080000)
 ParOldGen       total 100352K, used 61290K [0x00000000c0000000, 0x00000000c6200000, 0x00000000eab00000)
  object space 100352K, 61% used [0x00000000c0000000,0x00000000c3bdaaf8,0x00000000c6200000)
 Metaspace       used 68196K, capacity 73472K, committed 75136K, reserved 1114112K
  class space    used 9110K, capacity 10704K, committed 11136K, reserved 1048576K
GC Heap History (10 events):
Event: 8141.355 GC heap before
{Heap before GC invocations=33 (full 6):
 PSYoungGen      total 158208K, used 4996K [0x00000000eab00000, 0x00000000f6e80000, 0x0000000100000000)
  eden space 153088K, 0% used [0x00000000eab00000,0x00000000eab00000,0x00000000f4080000)
  from space 5120K, 97% used [0x00000000f4200000,0x00000000f46e11b8,0x00000000f4700000)
  to   space 23552K, 0% used [0x00000000f5780000,0x00000000f5780000,0x00000000f6e80000)
 ParOldGen       total 100352K, used 72904K [0x00000000c0000000, 0x00000000c6200000, 0x00000000eab00000)
  object space 100352K, 72% used [0x00000000c0000000,0x00000000c47320d8,0x00000000c6200000)
 Metaspace       used 68516K, capacity 73870K, committed 74240K, reserved 1112064K
  class space    used 9217K, capacity 10839K, committed 11008K, reserved 1048576K
Event: 8141.810 GC heap after
Heap after GC invocations=33 (full 6):
 PSYoungGen      total 158208K, used 0K [0x00000000eab00000, 0x00000000f6e80000, 0x0000000100000000)
  eden space 153088K, 0% used [0x00000000eab00000,0x00000000eab00000,0x00000000f4080000)
  from space 5120K, 0% used [0x00000000f4200000,0x00000000f4200000,0x00000000f4700000)
  to   space 23552K, 0% used [0x00000000f5780000,0x00000000f5780000,0x00000000f6e80000)
 ParOldGen       total 100352K, used 76506K [0x00000000c0000000, 0x00000000c6200000, 0x00000000eab00000)
  object space 100352K, 76% used [0x00000000c0000000,0x00000000c4ab6b20,0x00000000c6200000)
 Metaspace       used 68443K, capacity 73642K, committed 74240K, reserved 1112064K
  class space    used 9202K, capacity 10771K, committed 11008K, reserved 1048576K
}
Event: 8146.949 GC heap before
{Heap before GC invocations=34 (full 6):
 PSYoungGen      total 158208K, used 153088K [0x00000000eab00000, 0x00000000f6e80000, 0x0000000100000000)
  eden space 153088K, 100% used [0x00000000eab00000,0x00000000f4080000,0x00000000f4080000)
  from space 5120K, 0% used [0x00000000f4200000,0x00000000f4200000,0x00000000f4700000)
  to   space 23552K, 0% used [0x00000000f5780000,0x00000000f5780000,0x00000000f6e80000)
 ParOldGen       total 100352K, used 76506K [0x00000000c0000000, 0x00000000c6200000, 0x00000000eab00000)
  object space 100352K, 76% used [0x00000000c0000000,0x00000000c4ab6b20,0x00000000c6200000)
 Metaspace       used 68630K, capacity 73902K, committed 74240K, reserved 1112064K
  class space    used 9213K, capacity 10808K, committed 11008K, reserved 1048576K
Event: 8146.963 GC heap after
Heap after GC invocations=34 (full 6):
 PSYoungGen      total 177152K, used 10830K [0x00000000eab00000, 0x00000000f7980000, 0x0000000100000000)
  eden space 153600K, 0% used [0x00000000eab00000,0x00000000eab00000,0x00000000f4100000)
  from space 23552K, 45% used [0x00000000f5780000,0x00000000f6213840,0x00000000f6e80000)
  to   space 23040K, 0% used [0x00000000f4100000,0x00000000f4100000,0x00000000f5780000)
 ParOldGen       total 100352K, used 76514K [0x00000000c0000000, 0x00000000c6200000, 0x00000000eab00000)
  object space 100352K, 76% used [0x00000000c0000000,0x00000000c4ab8b20,0x00000000c6200000)
 Metaspace       used 68630K, capacity 73902K, committed 74240K, reserved 1112064K
  class space    used 9213K, capacity 10808K, committed 11008K, reserved 1048576K
}
Event: 15563.683 GC heap before
{Heap before GC invocations=35 (full 6):
 PSYoungGen      total 177152K, used 164430K [0x00000000eab00000, 0x00000000f7980000, 0x0000000100000000)
  eden space 153600K, 100% used [0x00000000eab00000,0x00000000f4100000,0x00000000f4100000)
  from space 23552K, 45% used [0x00000000f5780000,0x00000000f6213840,0x00000000f6e80000)
  to   space 23040K, 0% used [0x00000000f4100000,0x00000000f4100000,0x00000000f5780000)
 ParOldGen       total 100352K, used 76514K [0x00000000c0000000, 0x00000000c6200000, 0x00000000eab00000)
  object space 100352K, 76% used [0x00000000c0000000,0x00000000c4ab8b20,0x00000000c6200000)
 Metaspace       used 68833K, capacity 74146K, committed 74496K, reserved 1112064K
  class space    used 9227K, capacity 10853K, committed 11008K, reserved 1048576K
Event: 15563.694 GC heap after
Heap after GC invocations=35 (full 6):
 PSYoungGen      total 154112K, used 5293K [0x00000000eab00000, 0x00000000f6700000, 0x0000000100000000)
  eden space 148480K, 0% used [0x00000000eab00000,0x00000000eab00000,0x00000000f3c00000)
  from space 5632K, 93% used [0x00000000f4100000,0x00000000f462b420,0x00000000f4680000)
  to   space 22016K, 0% used [0x00000000f5180000,0x00000000f5180000,0x00000000f6700000)
 ParOldGen       total 100352K, used 76522K [0x00000000c0000000, 0x00000000c6200000, 0x00000000eab00000)
  object space 100352K, 76% used [0x00000000c0000000,0x00000000c4abab20,0x00000000c6200000)
 Metaspace       used 68833K, capacity 74146K, committed 74496K, reserved 1112064K
  class space    used 9227K, capacity 10853K, committed 11008K, reserved 1048576K
}
Event: 15565.072 GC heap before
{Heap before GC invocations=36 (full 6):
 PSYoungGen      total 154112K, used 113116K [0x00000000eab00000, 0x00000000f6700000, 0x0000000100000000)
  eden space 148480K, 72% used [0x00000000eab00000,0x00000000f144bd68,0x00000000f3c00000)
  from space 5632K, 93% used [0x00000000f4100000,0x00000000f462b420,0x00000000f4680000)
  to   space 22016K, 0% used [0x00000000f5180000,0x00000000f5180000,0x00000000f6700000)
 ParOldGen       total 100352K, used 76522K [0x00000000c0000000, 0x00000000c6200000, 0x00000000eab00000)
  object space 100352K, 76% used [0x00000000c0000000,0x00000000c4abab20,0x00000000c6200000)
 Metaspace       used 69348K, capacity 74938K, committed 75136K, reserved 1114112K
  class space    used 9338K, capacity 11079K, committed 11136K, reserved 1048576K
Event: 15565.078 GC heap after
Heap after GC invocations=36 (full 6):
 PSYoungGen      total 168448K, used 5631K [0x00000000eab00000, 0x00000000f6500000, 0x0000000100000000)
  eden space 148480K, 0% used [0x00000000eab00000,0x00000000eab00000,0x00000000f3c00000)
  from space 19968K, 28% used [0x00000000f5180000,0x00000000f56ffc80,0x00000000f6500000)
  to   space 20992K, 0% used [0x00000000f3c00000,0x00000000f3c00000,0x00000000f5080000)
 ParOldGen       total 100352K, used 76530K [0x00000000c0000000, 0x00000000c6200000, 0x00000000eab00000)
  object space 100352K, 76% used [0x00000000c0000000,0x00000000c4abcb20,0x00000000c6200000)
 Metaspace       used 69348K, capacity 74938K, committed 75136K, reserved 1114112K
  class space    used 9338K, capacity 11079K, committed 11136K, reserved 1048576K
}
Event: 15565.078 GC heap before
{Heap before GC invocations=37 (full 7):
 PSYoungGen      total 168448K, used 5631K [0x00000000eab00000, 0x00000000f6500000, 0x0000000100000000)
  eden space 148480K, 0% used [0x00000000eab00000,0x00000000eab00000,0x00000000f3c00000)
  from space 19968K, 28% used [0x00000000f5180000,0x00000000f56ffc80,0x00000000f6500000)
  to   space 20992K, 0% used [0x00000000f3c00000,0x00000000f3c00000,0x00000000f5080000)
 ParOldGen       total 100352K, used 76530K [0x00000000c0000000, 0x00000000c6200000, 0x00000000eab00000)
  object space 100352K, 76% used [0x00000000c0000000,0x00000000c4abcb20,0x00000000c6200000)
 Metaspace       used 69348K, capacity 74938K, committed 75136K, reserved 1114112K
  class space    used 9338K, capacity 11079K, committed 11136K, reserved 1048576K
Event: 15565.343 GC heap after
Heap after GC invocations=37 (full 7):
 PSYoungGen      total 168448K, used 0K [0x00000000eab00000, 0x00000000f6500000, 0x0000000100000000)
  eden space 148480K, 0% used [0x00000000eab00000,0x00000000eab00000,0x00000000f3c00000)
  from space 19968K, 0% used [0x00000000f5180000,0x00000000f5180000,0x00000000f6500000)
  to   space 20992K, 0% used [0x00000000f3c00000,0x00000000f3c00000,0x00000000f5080000)
 ParOldGen       total 100352K, used 61290K [0x00000000c0000000, 0x00000000c6200000, 0x00000000eab00000)
  object space 100352K, 61% used [0x00000000c0000000,0x00000000c3bdaaf8,0x00000000c6200000)
 Metaspace       used 67756K, capacity 72508K, committed 75136K, reserved 1114112K
  class space    used 9034K, capacity 10507K, committed 11136K, reserved 1048576K
}

